<?xml version="1.0" encoding="UTF-8"?>
<!-- Generated by org.testng.reporters.JUnitReportReporter -->
<testsuite hostname="BeaVargas" failures="0" tests="1" name="Test_DELETE" time="3.250" errors="0" timestamp="2021-05-18T11:31:35 PST" skipped="0">
  <testcase classname="Test_DELETE" name="test_DELETE" time="3.250"/>
  <system-out/>
</testsuite> <!-- Test_DELETE -->
