<?xml version="1.0" encoding="UTF-8"?>
<!-- Generated by org.testng.reporters.JUnitReportReporter -->
<testsuite hostname="BeaVargas" failures="0" tests="2" name="Test1_PUT" time="4.672" errors="0" timestamp="2021-05-18T11:25:06 PST" skipped="0">
  <testcase classname="Test1_PUT" name="test2_PATCH" time="1.285"/>
  <system-out/>
  <testcase classname="Test1_PUT" name="test1_PUT" time="3.387"/>
  <system-out/>
</testsuite> <!-- Test1_PUT -->
