<?xml version="1.0" encoding="UTF-8"?>
<!-- Generated by org.testng.reporters.JUnitReportReporter -->
<testsuite hostname="BeaVargas" failures="0" tests="1" name="Test1_GET" time="2.429" errors="0" timestamp="2021-05-18T10:19:58 PST" skipped="0">
  <testcase classname="Test1_GET" name="test1" time="2.429"/>
  <system-out/>
</testsuite> <!-- Test1_GET -->
