<?xml version="1.0" encoding="UTF-8"?>
<!-- Generated by org.testng.reporters.JUnitReportReporter -->
<testsuite hostname="BeaVargas" failures="0" tests="2" name="Test1_PUT_PATCH" time="4.687" errors="0" timestamp="2021-05-18T11:26:03 PST" skipped="0">
  <testcase classname="Test1_PUT_PATCH" name="test1_PUT" time="3.292"/>
  <system-out/>
  <testcase classname="Test1_PUT_PATCH" name="test2_PATCH" time="1.395"/>
  <system-out/>
</testsuite> <!-- Test1_PUT_PATCH -->
