<?xml version="1.0" encoding="UTF-8"?>
<!-- Generated by org.testng.reporters.JUnitReportReporter -->
<testsuite hostname="BeaVargas" failures="0" tests="1" name="Test1_POST" time="3.279" errors="0" timestamp="2021-05-18T11:22:29 PST" skipped="0">
  <testcase classname="Test1_POST" name="test1_post" time="3.279"/>
  <system-out/>
</testsuite> <!-- Test1_POST -->
